This is pdfTeX, Version 3.14159265-2.6-1.40.16 (TeX Live 2015/Debian) (preloaded format=pdflatex 2017.12.20)  2 JAN 2018 15:31
entering extended mode
 restricted \write18 enabled.
 %&-line parsing enabled.
**relatorio.tex
(./relatorio.tex
LaTeX2e <2016/02/01>
Babel <3.9q> and hyphenation patterns for 4 language(s) loaded.
(/usr/share/texlive/texmf-dist/tex/latex/base/report.cls
Document Class: report 2014/09/29 v1.4h Standard LaTeX document class
(/usr/share/texlive/texmf-dist/tex/latex/base/size10.clo
File: size10.clo 2014/09/29 v1.4h Standard LaTeX file (size option)
)
\c@part=\count79
\c@chapter=\count80
\c@section=\count81
\c@subsection=\count82
\c@subsubsection=\count83
\c@paragraph=\count84
\c@subparagraph=\count85
\c@figure=\count86
\c@table=\count87
\abovecaptionskip=\skip41
\belowcaptionskip=\skip42
\bibindent=\dimen102
)
(/usr/share/texlive/texmf-dist/tex/latex/base/inputenc.sty
Package: inputenc 2015/03/17 v1.2c Input encoding file
\inpenc@prehook=\toks14
\inpenc@posthook=\toks15

(/usr/share/texlive/texmf-dist/tex/latex/base/utf8.def
File: utf8.def 2015/12/03 v1.1r UTF-8 support for inputenc
Now handling font encoding OML ...
... no UTF-8 mapping file for font encoding OML
Now handling font encoding T1 ...
... processing UTF-8 mapping file for font encoding T1

(/usr/share/texlive/texmf-dist/tex/latex/base/t1enc.dfu
File: t1enc.dfu 2015/12/03 v1.1r UTF-8 support for inputenc
   defining Unicode char U+00A0 (decimal 160)
   defining Unicode char U+00A1 (decimal 161)
   defining Unicode char U+00A3 (decimal 163)
   defining Unicode char U+00AB (decimal 171)
   defining Unicode char U+00AD (decimal 173)
   defining Unicode char U+00BB (decimal 187)
   defining Unicode char U+00BF (decimal 191)
   defining Unicode char U+00C0 (decimal 192)
   defining Unicode char U+00C1 (decimal 193)
   defining Unicode char U+00C2 (decimal 194)
   defining Unicode char U+00C3 (decimal 195)
   defining Unicode char U+00C4 (decimal 196)
   defining Unicode char U+00C5 (decimal 197)
   defining Unicode char U+00C6 (decimal 198)
   defining Unicode char U+00C7 (decimal 199)
   defining Unicode char U+00C8 (decimal 200)
   defining Unicode char U+00C9 (decimal 201)
   defining Unicode char U+00CA (decimal 202)
   defining Unicode char U+00CB (decimal 203)
   defining Unicode char U+00CC (decimal 204)
   defining Unicode char U+00CD (decimal 205)
   defining Unicode char U+00CE (decimal 206)
   defining Unicode char U+00CF (decimal 207)
   defining Unicode char U+00D0 (decimal 208)
   defining Unicode char U+00D1 (decimal 209)
   defining Unicode char U+00D2 (decimal 210)
   defining Unicode char U+00D3 (decimal 211)
   defining Unicode char U+00D4 (decimal 212)
   defining Unicode char U+00D5 (decimal 213)
   defining Unicode char U+00D6 (decimal 214)
   defining Unicode char U+00D8 (decimal 216)
   defining Unicode char U+00D9 (decimal 217)
   defining Unicode char U+00DA (decimal 218)
   defining Unicode char U+00DB (decimal 219)
   defining Unicode char U+00DC (decimal 220)
   defining Unicode char U+00DD (decimal 221)
   defining Unicode char U+00DE (decimal 222)
   defining Unicode char U+00DF (decimal 223)
   defining Unicode char U+00E0 (decimal 224)
   defining Unicode char U+00E1 (decimal 225)
   defining Unicode char U+00E2 (decimal 226)
   defining Unicode char U+00E3 (decimal 227)
   defining Unicode char U+00E4 (decimal 228)
   defining Unicode char U+00E5 (decimal 229)
   defining Unicode char U+00E6 (decimal 230)
   defining Unicode char U+00E7 (decimal 231)
   defining Unicode char U+00E8 (decimal 232)
   defining Unicode char U+00E9 (decimal 233)
   defining Unicode char U+00EA (decimal 234)
   defining Unicode char U+00EB (decimal 235)
   defining Unicode char U+00EC (decimal 236)
   defining Unicode char U+00ED (decimal 237)
   defining Unicode char U+00EE (decimal 238)
   defining Unicode char U+00EF (decimal 239)
   defining Unicode char U+00F0 (decimal 240)
   defining Unicode char U+00F1 (decimal 241)
   defining Unicode char U+00F2 (decimal 242)
   defining Unicode char U+00F3 (decimal 243)
   defining Unicode char U+00F4 (decimal 244)
   defining Unicode char U+00F5 (decimal 245)
   defining Unicode char U+00F6 (decimal 246)
   defining Unicode char U+00F8 (decimal 248)
   defining Unicode char U+00F9 (decimal 249)
   defining Unicode char U+00FA (decimal 250)
   defining Unicode char U+00FB (decimal 251)
   defining Unicode char U+00FC (decimal 252)
   defining Unicode char U+00FD (decimal 253)
   defining Unicode char U+00FE (decimal 254)
   defining Unicode char U+00FF (decimal 255)
   defining Unicode char U+0100 (decimal 256)
   defining Unicode char U+0101 (decimal 257)
   defining Unicode char U+0102 (decimal 258)
   defining Unicode char U+0103 (decimal 259)
   defining Unicode char U+0104 (decimal 260)
   defining Unicode char U+0105 (decimal 261)
   defining Unicode char U+0106 (decimal 262)
   defining Unicode char U+0107 (decimal 263)
   defining Unicode char U+0108 (decimal 264)
   defining Unicode char U+0109 (decimal 265)
   defining Unicode char U+010A (decimal 266)
   defining Unicode char U+010B (decimal 267)
   defining Unicode char U+010C (decimal 268)
   defining Unicode char U+010D (decimal 269)
   defining Unicode char U+010E (decimal 270)
   defining Unicode char U+010F (decimal 271)
   defining Unicode char U+0110 (decimal 272)
   defining Unicode char U+0111 (decimal 273)
   defining Unicode char U+0112 (decimal 274)
   defining Unicode char U+0113 (decimal 275)
   defining Unicode char U+0114 (decimal 276)
   defining Unicode char U+0115 (decimal 277)
   defining Unicode char U+0116 (decimal 278)
   defining Unicode char U+0117 (decimal 279)
   defining Unicode char U+0118 (decimal 280)
   defining Unicode char U+0119 (decimal 281)
   defining Unicode char U+011A (decimal 282)
   defining Unicode char U+011B (decimal 283)
   defining Unicode char U+011C (decimal 284)
   defining Unicode char U+011D (decimal 285)
   defining Unicode char U+011E (decimal 286)
   defining Unicode char U+011F (decimal 287)
   defining Unicode char U+0120 (decimal 288)
   defining Unicode char U+0121 (decimal 289)
   defining Unicode char U+0122 (decimal 290)
   defining Unicode char U+0123 (decimal 291)
   defining Unicode char U+0124 (decimal 292)
   defining Unicode char U+0125 (decimal 293)
   defining Unicode char U+0128 (decimal 296)
   defining Unicode char U+0129 (decimal 297)
   defining Unicode char U+012A (decimal 298)
   defining Unicode char U+012B (decimal 299)
   defining Unicode char U+012C (decimal 300)
   defining Unicode char U+012D (decimal 301)
   defining Unicode char U+012E (decimal 302)
   defining Unicode char U+012F (decimal 303)
   defining Unicode char U+0130 (decimal 304)
   defining Unicode char U+0131 (decimal 305)
   defining Unicode char U+0132 (decimal 306)
   defining Unicode char U+0133 (decimal 307)
   defining Unicode char U+0134 (decimal 308)
   defining Unicode char U+0135 (decimal 309)
   defining Unicode char U+0136 (decimal 310)
   defining Unicode char U+0137 (decimal 311)
   defining Unicode char U+0139 (decimal 313)
   defining Unicode char U+013A (decimal 314)
   defining Unicode char U+013B (decimal 315)
   defining Unicode char U+013C (decimal 316)
   defining Unicode char U+013D (decimal 317)
   defining Unicode char U+013E (decimal 318)
   defining Unicode char U+0141 (decimal 321)
   defining Unicode char U+0142 (decimal 322)
   defining Unicode char U+0143 (decimal 323)
   defining Unicode char U+0144 (decimal 324)
   defining Unicode char U+0145 (decimal 325)
   defining Unicode char U+0146 (decimal 326)
   defining Unicode char U+0147 (decimal 327)
   defining Unicode char U+0148 (decimal 328)
   defining Unicode char U+014A (decimal 330)
   defining Unicode char U+014B (decimal 331)
   defining Unicode char U+014C (decimal 332)
   defining Unicode char U+014D (decimal 333)
   defining Unicode char U+014E (decimal 334)
   defining Unicode char U+014F (decimal 335)
   defining Unicode char U+0150 (decimal 336)
   defining Unicode char U+0151 (decimal 337)
   defining Unicode char U+0152 (decimal 338)
   defining Unicode char U+0153 (decimal 339)
   defining Unicode char U+0154 (decimal 340)
   defining Unicode char U+0155 (decimal 341)
   defining Unicode char U+0156 (decimal 342)
   defining Unicode char U+0157 (decimal 343)
   defining Unicode char U+0158 (decimal 344)
   defining Unicode char U+0159 (decimal 345)
   defining Unicode char U+015A (decimal 346)
   defining Unicode char U+015B (decimal 347)
   defining Unicode char U+015C (decimal 348)
   defining Unicode char U+015D (decimal 349)
   defining Unicode char U+015E (decimal 350)
   defining Unicode char U+015F (decimal 351)
   defining Unicode char U+0160 (decimal 352)
   defining Unicode char U+0161 (decimal 353)
   defining Unicode char U+0162 (decimal 354)
   defining Unicode char U+0163 (decimal 355)
   defining Unicode char U+0164 (decimal 356)
   defining Unicode char U+0165 (decimal 357)
   defining Unicode char U+0168 (decimal 360)
   defining Unicode char U+0169 (decimal 361)
   defining Unicode char U+016A (decimal 362)
   defining Unicode char U+016B (decimal 363)
   defining Unicode char U+016C (decimal 364)
   defining Unicode char U+016D (decimal 365)
   defining Unicode char U+016E (decimal 366)
   defining Unicode char U+016F (decimal 367)
   defining Unicode char U+0170 (decimal 368)
   defining Unicode char U+0171 (decimal 369)
   defining Unicode char U+0172 (decimal 370)
   defining Unicode char U+0173 (decimal 371)
   defining Unicode char U+0174 (decimal 372)
   defining Unicode char U+0175 (decimal 373)
   defining Unicode char U+0176 (decimal 374)
   defining Unicode char U+0177 (decimal 375)
   defining Unicode char U+0178 (decimal 376)
   defining Unicode char U+0179 (decimal 377)
   defining Unicode char U+017A (decimal 378)
   defining Unicode char U+017B (decimal 379)
   defining Unicode char U+017C (decimal 380)
   defining Unicode char U+017D (decimal 381)
   defining Unicode char U+017E (decimal 382)
   defining Unicode char U+01CD (decimal 461)
   defining Unicode char U+01CE (decimal 462)
   defining Unicode char U+01CF (decimal 463)
   defining Unicode char U+01D0 (decimal 464)
   defining Unicode char U+01D1 (decimal 465)
   defining Unicode char U+01D2 (decimal 466)
   defining Unicode char U+01D3 (decimal 467)
   defining Unicode char U+01D4 (decimal 468)
   defining Unicode char U+01E2 (decimal 482)
   defining Unicode char U+01E3 (decimal 483)
   defining Unicode char U+01E6 (decimal 486)
   defining Unicode char U+01E7 (decimal 487)
   defining Unicode char U+01E8 (decimal 488)
   defining Unicode char U+01E9 (decimal 489)
   defining Unicode char U+01EA (decimal 490)
   defining Unicode char U+01EB (decimal 491)
   defining Unicode char U+01F0 (decimal 496)
   defining Unicode char U+01F4 (decimal 500)
   defining Unicode char U+01F5 (decimal 501)
   defining Unicode char U+0218 (decimal 536)
   defining Unicode char U+0219 (decimal 537)
   defining Unicode char U+021A (decimal 538)
   defining Unicode char U+021B (decimal 539)
   defining Unicode char U+01E02 (decimal 7682)
   defining Unicode char U+01E03 (decimal 7683)
   defining Unicode char U+200C (decimal 8204)
   defining Unicode char U+2013 (decimal 8211)
   defining Unicode char U+2014 (decimal 8212)
   defining Unicode char U+2018 (decimal 8216)
   defining Unicode char U+2019 (decimal 8217)
   defining Unicode char U+201A (decimal 8218)
   defining Unicode char U+201C (decimal 8220)
   defining Unicode char U+201D (decimal 8221)
   defining Unicode char U+201E (decimal 8222)
   defining Unicode char U+2030 (decimal 8240)
   defining Unicode char U+2031 (decimal 8241)
   defining Unicode char U+2039 (decimal 8249)
   defining Unicode char U+203A (decimal 8250)
   defining Unicode char U+2423 (decimal 9251)
)
Now handling font encoding OT1 ...
... processing UTF-8 mapping file for font encoding OT1

(/usr/share/texlive/texmf-dist/tex/latex/base/ot1enc.dfu
File: ot1enc.dfu 2015/12/03 v1.1r UTF-8 support for inputenc
   defining Unicode char U+00A0 (decimal 160)
   defining Unicode char U+00A1 (decimal 161)
   defining Unicode char U+00A3 (decimal 163)
   defining Unicode char U+00AD (decimal 173)
   defining Unicode char U+00B8 (decimal 184)
   defining Unicode char U+00BF (decimal 191)
   defining Unicode char U+00C5 (decimal 197)
   defining Unicode char U+00C6 (decimal 198)
   defining Unicode char U+00D8 (decimal 216)
   defining Unicode char U+00DF (decimal 223)
   defining Unicode char U+00E6 (decimal 230)
   defining Unicode char U+00EC (decimal 236)
   defining Unicode char U+00ED (decimal 237)
   defining Unicode char U+00EE (decimal 238)
   defining Unicode char U+00EF (decimal 239)
   defining Unicode char U+00F8 (decimal 248)
   defining Unicode char U+0131 (decimal 305)
   defining Unicode char U+0141 (decimal 321)
   defining Unicode char U+0142 (decimal 322)
   defining Unicode char U+0152 (decimal 338)
   defining Unicode char U+0153 (decimal 339)
   defining Unicode char U+0174 (decimal 372)
   defining Unicode char U+0175 (decimal 373)
   defining Unicode char U+0176 (decimal 374)
   defining Unicode char U+0177 (decimal 375)
   defining Unicode char U+0218 (decimal 536)
   defining Unicode char U+0219 (decimal 537)
   defining Unicode char U+021A (decimal 538)
   defining Unicode char U+021B (decimal 539)
   defining Unicode char U+2013 (decimal 8211)
   defining Unicode char U+2014 (decimal 8212)
   defining Unicode char U+2018 (decimal 8216)
   defining Unicode char U+2019 (decimal 8217)
   defining Unicode char U+201C (decimal 8220)
   defining Unicode char U+201D (decimal 8221)
)
Now handling font encoding OMS ...
... processing UTF-8 mapping file for font encoding OMS

(/usr/share/texlive/texmf-dist/tex/latex/base/omsenc.dfu
File: omsenc.dfu 2015/12/03 v1.1r UTF-8 support for inputenc
   defining Unicode char U+00A7 (decimal 167)
   defining Unicode char U+00B6 (decimal 182)
   defining Unicode char U+00B7 (decimal 183)
   defining Unicode char U+2020 (decimal 8224)
   defining Unicode char U+2021 (decimal 8225)
   defining Unicode char U+2022 (decimal 8226)
)
Now handling font encoding OMX ...
... no UTF-8 mapping file for font encoding OMX
Now handling font encoding U ...
... no UTF-8 mapping file for font encoding U
   defining Unicode char U+00A9 (decimal 169)
   defining Unicode char U+00AA (decimal 170)
   defining Unicode char U+00AE (decimal 174)
   defining Unicode char U+00BA (decimal 186)
   defining Unicode char U+02C6 (decimal 710)
   defining Unicode char U+02DC (decimal 732)
   defining Unicode char U+200C (decimal 8204)
   defining Unicode char U+2026 (decimal 8230)
   defining Unicode char U+2122 (decimal 8482)
   defining Unicode char U+2423 (decimal 9251)
))
(/usr/share/texlive/texmf-dist/tex/generic/babel/babel.sty
Package: babel 2016/02/24 3.9q The Babel package

(/usr/share/texlive/texmf-dist/tex/generic/babel-portuges/portuges.ldf
Language: portuges 2008/03/18 v1.2q Portuguese support from the babel system

(/usr/share/texlive/texmf-dist/tex/generic/babel/babel.def
File: babel.def 2016/02/24 3.9q Babel common definitions
\babel@savecnt=\count88
\U@D=\dimen103
)
Package babel Info: Making " an active character on input line 145.
))
(/usr/share/texlive/texmf-dist/tex/latex/graphics/graphicx.sty
Package: graphicx 2014/10/28 v1.0g Enhanced LaTeX Graphics (DPC,SPQR)

(/usr/share/texlive/texmf-dist/tex/latex/graphics/keyval.sty
Package: keyval 2014/10/28 v1.15 key=value parser (DPC)
\KV@toks@=\toks16
)
(/usr/share/texlive/texmf-dist/tex/latex/graphics/graphics.sty
Package: graphics 2016/01/03 v1.0q Standard LaTeX Graphics (DPC,SPQR)

(/usr/share/texlive/texmf-dist/tex/latex/graphics/trig.sty
Package: trig 2016/01/03 v1.10 sin cos tan (DPC)
)
(/usr/share/texlive/texmf-dist/tex/latex/latexconfig/graphics.cfg
File: graphics.cfg 2010/04/23 v1.9 graphics configuration of TeX Live
)
Package graphics Info: Driver file: pdftex.def on input line 95.

(/usr/share/texlive/texmf-dist/tex/latex/pdftex-def/pdftex.def
File: pdftex.def 2011/05/27 v0.06d Graphics/color for pdfTeX

(/usr/share/texlive/texmf-dist/tex/generic/oberdiek/infwarerr.sty
Package: infwarerr 2010/04/08 v1.3 Providing info/warning/error messages (HO)
)
(/usr/share/texlive/texmf-dist/tex/generic/oberdiek/ltxcmds.sty
Package: ltxcmds 2011/11/09 v1.22 LaTeX kernel commands for general use (HO)
)
\Gread@gobject=\count89
))
\Gin@req@height=\dimen104
\Gin@req@width=\dimen105
)
(/usr/share/texlive/texmf-dist/tex/latex/tools/array.sty
Package: array 2014/10/28 v2.4c Tabular extension package (FMi)
\col@sep=\dimen106
\extrarowheight=\dimen107
\NC@list=\toks17
\extratabsurround=\skip43
\backup@length=\skip44
)
(/usr/share/texlive/texmf-dist/tex/latex/url/url.sty
\Urlmuskip=\muskip10
Package: url 2013/09/16  ver 3.4  Verb mode for urls, etc.
)
(/usr/share/texlive/texmf-dist/tex/latex/fancyhdr/fancyhdr.sty
\fancy@headwidth=\skip45
\f@ncyO@elh=\skip46
\f@ncyO@erh=\skip47
\f@ncyO@olh=\skip48
\f@ncyO@orh=\skip49
\f@ncyO@elf=\skip50
\f@ncyO@erf=\skip51
\f@ncyO@olf=\skip52
\f@ncyO@orf=\skip53
)
(./underscore.sty
Package: underscore 2006/09/13
LaTeX Info: Redefining \_ on input line 42.
) (/usr/share/texlive/texmf-dist/tex/latex/base/makeidx.sty
Package: makeidx 2014/09/29 v1.0m Standard LaTeX package
)
(./relatorio.aux)
\openout1 = `relatorio.aux'.

LaTeX Font Info:    Checking defaults for OML/cmm/m/it on input line 17.
LaTeX Font Info:    ... okay on input line 17.
LaTeX Font Info:    Checking defaults for T1/cmr/m/n on input line 17.
LaTeX Font Info:    ... okay on input line 17.
LaTeX Font Info:    Checking defaults for OT1/cmr/m/n on input line 17.
LaTeX Font Info:    ... okay on input line 17.
LaTeX Font Info:    Checking defaults for OMS/cmsy/m/n on input line 17.
LaTeX Font Info:    ... okay on input line 17.
LaTeX Font Info:    Checking defaults for OMX/cmex/m/n on input line 17.
LaTeX Font Info:    ... okay on input line 17.
LaTeX Font Info:    Checking defaults for U/cmr/m/n on input line 17.
LaTeX Font Info:    ... okay on input line 17.
 (/usr/share/texlive/texmf-dist/tex/context/base/supp-pdf.mkii
[Loading MPS to PDF converter (version 2006.09.02).]
\scratchcounter=\count90
\scratchdimen=\dimen108
\scratchbox=\box26
\nofMPsegments=\count91
\nofMParguments=\count92
\everyMPshowfont=\toks18
\MPscratchCnt=\count93
\MPscratchDim=\dimen109
\MPnumerator=\count94
\makeMPintoPDFobject=\count95
\everyMPtoPDFconversion=\toks19
) (/usr/share/texlive/texmf-dist/tex/generic/oberdiek/pdftexcmds.sty
Package: pdftexcmds 2011/11/29 v0.20 Utility functions of pdfTeX for LuaTeX (HO
)

(/usr/share/texlive/texmf-dist/tex/generic/oberdiek/ifluatex.sty
Package: ifluatex 2010/03/01 v1.3 Provides the ifluatex switch (HO)
Package ifluatex Info: LuaTeX not detected.
)
(/usr/share/texlive/texmf-dist/tex/generic/oberdiek/ifpdf.sty
Package: ifpdf 2011/01/30 v2.3 Provides the ifpdf switch (HO)
Package ifpdf Info: pdfTeX in PDF mode is detected.
)
Package pdftexcmds Info: LuaTeX not detected.
Package pdftexcmds Info: \pdf@primitive is available.
Package pdftexcmds Info: \pdf@ifprimitive is available.
Package pdftexcmds Info: \pdfdraftmode found.
)
(/usr/share/texlive/texmf-dist/tex/latex/oberdiek/epstopdf-base.sty
Package: epstopdf-base 2010/02/09 v2.5 Base part for package epstopdf

(/usr/share/texlive/texmf-dist/tex/latex/oberdiek/grfext.sty
Package: grfext 2010/08/19 v1.1 Manage graphics extensions (HO)

(/usr/share/texlive/texmf-dist/tex/generic/oberdiek/kvdefinekeys.sty
Package: kvdefinekeys 2011/04/07 v1.3 Define keys (HO)
))
(/usr/share/texlive/texmf-dist/tex/latex/oberdiek/kvoptions.sty
Package: kvoptions 2011/06/30 v3.11 Key value format for package options (HO)

(/usr/share/texlive/texmf-dist/tex/generic/oberdiek/kvsetkeys.sty
Package: kvsetkeys 2012/04/25 v1.16 Key value parser (HO)

(/usr/share/texlive/texmf-dist/tex/generic/oberdiek/etexcmds.sty
Package: etexcmds 2011/02/16 v1.5 Avoid name clashes with e-TeX commands (HO)
Package etexcmds Info: Could not find \expanded.
(etexcmds)             That can mean that you are not using pdfTeX 1.50 or
(etexcmds)             that some package has redefined \expanded.
(etexcmds)             In the latter case, load this package earlier.
)))
Package grfext Info: Graphics extension search list:
(grfext)             [.png,.pdf,.jpg,.mps,.jpeg,.jbig2,.jb2,.PNG,.PDF,.JPG,.JPE
G,.JBIG2,.JB2,.eps]
(grfext)             \AppendGraphicsExtensions on input line 452.

(/usr/share/texlive/texmf-dist/tex/latex/latexconfig/epstopdf-sys.cfg
File: epstopdf-sys.cfg 2010/07/13 v1.3 Configuration of (r)epstopdf for TeX Liv
e
))
<Imagens/um.png, id=1, 422.57875pt x 328.22626pt>
File: Imagens/um.png Graphic file (type png)
 <use Imagens/um.png>
Package pdftex.def Info: Imagens/um.png used on input line 22.
(pdftex.def)             Requested size: 84.51425pt x 65.64407pt.

<Imagens/capa.png, id=3, 374.90062pt x 203.25937pt>
File: Imagens/capa.png Graphic file (type png)
 <use Imagens/capa.png>
Package pdftex.def Info: Imagens/capa.png used on input line 36.
(pdftex.def)             Requested size: 281.17477pt x 152.44414pt.
LaTeX Font Info:    External font `cmex10' loaded for size
(Font)              <12> on input line 52.
LaTeX Font Info:    External font `cmex10' loaded for size
(Font)              <8> on input line 52.
LaTeX Font Info:    External font `cmex10' loaded for size
(Font)              <6> on input line 52.

[1

{/var/lib/texmf/fonts/map/pdftex/updmap/pdftex.map} <./Imagens/um.png> <./Image
ns/capa.png>] (./relatorio.toc
LaTeX Font Info:    External font `cmex10' loaded for size
(Font)              <7> on input line 3.
LaTeX Font Info:    External font `cmex10' loaded for size
(Font)              <5> on input line 3.
)
\tf@toc=\write3
\openout3 = `relatorio.toc'.

 [1

] (./relatorio.lof)
\tf@lof=\write4
\openout4 = `relatorio.lof'.

 [2

] (./relatorio.lot)
\tf@lot=\write5
\openout5 = `relatorio.lot'.


[3

]
Cap\'{\i }tulo 1.
[4

] <Imagens/graficoR.png, id=30, 470.50781pt x 188.20313pt>
File: Imagens/graficoR.png Graphic file (type png)

<use Imagens/graficoR.png>
Package pdftex.def Info: Imagens/graficoR.png used on input line 99.
(pdftex.def)             Requested size: 329.35321pt x 131.74127pt.


Package Fancyhdr Warning: \headheight is too small (12.0pt): 
 Make it at least 13.07225pt.
 We now make it that large for the rest of the document.
 This may cause the page layout to be inconsistent, however.

[5 <./Imagens/graficoR.png>]
Cap\'{\i }tulo 2.
<Imagens/pecas.png, id=35, 390.70969pt x 113.67468pt>
File: Imagens/pecas.png Graphic file (type png)
 <use Imagens/pecas.png>
Package pdftex.def Info: Imagens/pecas.png used on input line 120.
(pdftex.def)             Requested size: 312.56816pt x 90.93985pt.

[6

 <./Imagens/pecas.png>] <Imagens/mapasV.png, id=42, 2007.5pt x 2007.5pt>
File: Imagens/mapasV.png Graphic file (type png)

<use Imagens/mapasV.png>
Package pdftex.def Info: Imagens/mapasV.png used on input line 152.
(pdftex.def)             Requested size: 160.60327pt x 160.60327pt.

<Imagens/mapasInvalidos.png, id=43, 2007.5pt x 2007.5pt>
File: Imagens/mapasInvalidos.png Graphic file (type png)

<use Imagens/mapasInvalidos.png>
Package pdftex.def Info: Imagens/mapasInvalidos.png used on input line 153.
(pdftex.def)             Requested size: 160.60327pt x 160.60327pt.
 [7 <./Imagens/mapasV.png> <./Imagens/mapasInvalidos.png>] <Imagens/colisao.jpg
, id=49, 411.939pt x 398.6895pt>
File: Imagens/colisao.jpg Graphic file (type jpg)

<use Imagens/colisao.jpg>
Package pdftex.def Info: Imagens/colisao.jpg used on input line 179.
(pdftex.def)             Requested size: 205.96898pt x 199.34425pt.
 [8 <./Imagens/colisao.jpg>]
<Imagens/forcas.png, id=53, 172.39406pt x 173.89969pt>
File: Imagens/forcas.png Graphic file (type png)

<use Imagens/forcas.png>
Package pdftex.def Info: Imagens/forcas.png used on input line 199.
(pdftex.def)             Requested size: 206.87183pt x 208.67856pt.
 [9 <./Imagens/forcas.png>]
LaTeX Font Info:    Try loading font information for OMS+cmr on input line 236.


(/usr/share/texlive/texmf-dist/tex/latex/base/omscmr.fd
File: omscmr.fd 2014/09/29 v2.5h Standard LaTeX font definitions
)
LaTeX Font Info:    Font shape `OMS/cmr/m/n' in size <10> not available
(Font)              Font shape `OMS/cmsy/m/n' tried instead on input line 236.
 [10]
Cap\'{\i }tulo 3.
[11

] [12] [13]
Overfull \hbox (101.2555pt too wide) in paragraph at lines 385--385
[]\OT1/cmtt/m/n/7 | isValidNext m p o && coorNextPeca == pi && o == oi && n == 
1 = Just p : percorreMapa m (coorNextPeca, dirChange m p o)[] 
 []


Overfull \hbox (22.4968pt too wide) in paragraph at lines 403--403
[]                      \OT1/cmtt/m/n/10 tipoPeca = tipoFinder (pecaFinder m (n
udge p o))[] 
 []

[14]
Overfull \hbox (17.24684pt too wide) in paragraph at lines 439--439
[]                \OT1/cmtt/m/n/10 | isCurva peca && altPeca >= 0 = isDestroyed
Curva t c[] 
 []

<Imagens/velocidadeR.png, id=76, 195.73125pt x 66.2475pt>
File: Imagens/velocidadeR.png Graphic file (type png)

<use Imagens/velocidadeR.png>
Package pdftex.def Info: Imagens/velocidadeR.png used on input line 450.
(pdftex.def)             Requested size: 234.87631pt x 79.49658pt.


LaTeX Warning: `!h' float specifier changed to `!ht'.

[15]
Overfull \hbox (11.99689pt too wide) in paragraph at lines 489--489
[]\OT1/cmtt/m/n/10 , carros      :: [Carro]      -- ^ o estado do carro de cada
 jogador[] 
 []


Overfull \hbox (101.24611pt too wide) in paragraph at lines 489--489
[]\OT1/cmtt/m/n/10 , nitros      :: [Tempo]      -- ^ a quantidade de nitro dis
pon^^S^^Pvel para cada jogador[] 
 []


Overfull \hbox (43.49661pt too wide) in paragraph at lines 489--489
[]\OT1/cmtt/m/n/10 , historico   :: [[Posicao]]  -- ^ o hist^^Sorico de posi^^X
c~oes de cada jogador[] 
 []


Overfull \hbox (11.99689pt too wide) in paragraph at lines 489--489
[]\OT1/cmtt/m/n/10 , esquerda :: Bool      -- ^ Ativado quando o Carro curva ^^
Ra esquerda[] 
 []


Overfull \hbox (6.74693pt too wide) in paragraph at lines 489--489
[]\OT1/cmtt/m/n/10 , direita  :: Bool      -- ^ Ativado quando o Carro curva ^^
Ra direita[] 
 []


Overfull \hbox (1.49698pt too wide) in paragraph at lines 489--489
[]\OT1/cmtt/m/n/10 , nitro    :: Maybe Int -- ^ Ativado quando algum jogador d^
^Sa Nitro[] 
 []

[16 <./Imagens/velocidadeR.png>]
Overfull \hbox (48.74657pt too wide) in paragraph at lines 543--543
[]\OT1/cmtt/m/n/10 acel b t car prop | b         = vetAngToCoor (direcao car, t
 * k_acel prop)[] 
 []

[17]
Overfull \hbox (90.7462pt too wide) in paragraph at lines 572--572
[]\OT1/cmtt/m/n/10 trav b t car prop | b         = vetAngToCoor ((direcao car) 
+ 180, t * k_acel prop)[] 
 []

[18]
Overfull \hbox (6.74693pt too wide) in paragraph at lines 681--681
[]                \OT1/cmtt/m/n/10 isPeso    = tipoFinder pecaLocal == Rampa No
rte (*)[] 
 []


Overfull \hbox (59.24648pt too wide) in paragraph at lines 681--681
[]                \OT1/cmtt/m/n/10 atrito    = vetAngToCoor (va - 180, t * vn *
 (k_atrito prop))[] 
 []


Overfull \hbox (11.99689pt too wide) in paragraph at lines 681--681
[]                \OT1/cmtt/m/n/10 anVetPeso = orToAng (orFinder pecaLocal Nort
e) - 180[] 
 []


Overfull \hbox (111.74602pt too wide) in paragraph at lines 681--681
[]\OT1/cmtt/m/n/10 (*) Rampa Norte ^^Se o resultado que a fun^^Xc~ao tipoFinder
 devolve para pe^^Xcas do tipo Rampa.[] 
 []

[19]
Overfull \hbox (59.24648pt too wide) in paragraph at lines 693--693
[]\OT1/cmtt/m/n/10 nit b t car prop | b         = (vetAngToCoor (direcao car, t
 * k_nitro prop))[] 
 []


Overfull \hbox (71.50513pt too wide) in paragraph at lines 710--710
[]                              \OT1/cmtt/m/n/7 | otherwise = atList cars (car 
{velocidade = (vx + nx, vy + ny)}) (fromJust nitID)[] 
 []

[20] [21]
Overfull \hbox (1.49698pt too wide) in paragraph at lines 818--818
[]                    \OT1/cmtt/m/n/10 carroHistNew = atHist carroTarget carroH
istOld[] 
 []


Overfull \hbox (74.99634pt too wide) in paragraph at lines 818--818
[]                    \OT1/cmtt/m/n/10 atHistNit    = e {nitros = tNitNew, hist
orico = jogoHistNew}[] 
 []


Overfull \hbox (11.99689pt too wide) in paragraph at lines 818--818
[]                    \OT1/cmtt/m/n/10 jogoHistNew  = atList jogoHistOld carroH
istNew j[] 
 []

[22]
Overfull \hbox (0.848pt too wide) in paragraph at lines 885--885
[]              \OT1/cmtt/m/n/7 , nPlayer  :: Int           -- ^ Indica o n^^Su
mero de jogadores n~ao bot presentes[] 
 []


Overfull \hbox (30.59837pt too wide) in paragraph at lines 885--885
[]              \OT1/cmtt/m/n/7 , winSize  :: (Int, Int)    -- ^ Cont^^Sem o ta
manho da janela em que o jogo est^^Sa a correr[] 
 []


Overfull \hbox (45.47356pt too wide) in paragraph at lines 885--885
[]              \OT1/cmtt/m/n/7 , inCountDown :: Bool       -- ^ Indica se est^
^Sa em contagem decrescente para come^^Xcar ou n~ao[] 
 []


Overfull \hbox (41.75476pt too wide) in paragraph at lines 885--885
[]              \OT1/cmtt/m/n/7 , tFromStart  :: Float      -- ^ Indica quanto 
tempo ^^Se que passou desde que o jogo come^^Xcou[] 
 []


Overfull \hbox (4.5668pt too wide) in paragraph at lines 885--885
[]              \OT1/cmtt/m/n/7 , pMapa       :: Caminho    -- ^ O caminho para
 a forma^^Xc~ao de mapas pelo jogador[] 
 []


Overfull \hbox (4.5668pt too wide) in paragraph at lines 885--885
[]              \OT1/cmtt/m/n/7 , nVoltas     :: Int        -- ^ Indica o n^^Su
mero de VOltas a dar pelo utilizador[] 
 []


Overfull \hbox (104.97429pt too wide) in paragraph at lines 885--885
[]              \OT1/cmtt/m/n/7 , idPath      :: [Posicao]  -- ^ Indica o camin
ho ideal de uma volta ^^Ra pista (utilizado para contar voltas)[] 
 []

[23]
Overfull \hbox (22.4968pt too wide) in paragraph at lines 951--951
[]              \OT1/cmtt/m/n/10 maxX = floor ((fromIntegral y)/ fromIntegral (
length a))[] 
 []


Overfull \hbox (22.4968pt too wide) in paragraph at lines 951--951
[]              \OT1/cmtt/m/n/10 maxY = floor ((fromIntegral x)/ fromIntegral (
length l))[] 
 []

[24]
Overfull \hbox (67.78633pt too wide) in paragraph at lines 996--996
[]              \OT1/cmtt/m/n/7 arrow1 = color colorarrow (Polygon [(0,0),(r, -
r/2), (r,-r), (0,-r/2), (-r,-r),(-r,-r/2), (0,0)])[] 
 []


Overfull \hbox (43.49661pt too wide) in paragraph at lines 1021--1021
[]\OT1/cmtt/m/n/10 drawLine s l = Pictures (placePeca s translationX (map (dese
nhaPeca s) l))[] 
 []


Overfull \hbox (43.49661pt too wide) in paragraph at lines 1021--1021
[]              \OT1/cmtt/m/n/10 translationX = -(fromIntegral(length l)/2)* (f
romIntegral s)[] 
 []

[25]
Overfull \hbox (38.24666pt too wide) in paragraph at lines 1035--1035
[]\OT1/cmtt/m/n/10 drawLines s t = Pictures (placeLines s translationY (map (dr
awLine s) t))[] 
 []


Overfull \hbox (38.24666pt too wide) in paragraph at lines 1035--1035
[]              \OT1/cmtt/m/n/10 translationY = (fromIntegral(length t)/2)* (fr
omIntegral s)[] 
 []

[26]
Overfull \hbox (6.74693pt too wide) in paragraph at lines 1092--1092
[]              \OT1/cmtt/m/n/10 cx = (-(fromIntegral(length (head tab))/2) - 0
.5) * p[] 
 []

[27] [28] [29] <Imagens/Inicio.png, id=126, 374.90062pt x 202.50656pt>
File: Imagens/Inicio.png Graphic file (type png)

<use Imagens/Inicio.png>
Package pdftex.def Info: Imagens/Inicio.png used on input line 1171.
(pdftex.def)             Requested size: 149.95758pt x 81.00117pt.

Overfull \hbox (7.30597pt too wide) in paragraph at lines 1180--1181
[]\OT1/cmr/m/n/10 Em baixo dessa lista apa-re-cer^^Sa o sim-bolo do \OT1/cmr/m/
it/10 en-ter\OT1/cmr/m/n/10 , ob-tido atrav^^Ses do par^ametro
 []

[30 <./Imagens/Inicio.png>] [31]
Overfull \hbox (23.16078pt too wide) in paragraph at lines 1267--1267
[]\OT1/cmtt/m/n/7 reageTempoMovimenta tick e = e{jogo = (jogo e) {carros = [mov
eCar1, moveCar2, moveCar3, moveCar4]}}[] 
 []


Overfull \hbox (30.59837pt too wide) in paragraph at lines 1306--1306
[]                \OT1/cmtt/m/n/7 bot1 = e    {actions = (actions e   ){a4 = (b
ot (realToFrac (tick)) (jogo e   ) 3)} }[] 
 []


Overfull \hbox (30.59837pt too wide) in paragraph at lines 1306--1306
[]                \OT1/cmtt/m/n/7 bot2 = bot1 {actions = (actions bot1){a3 = (b
ot (realToFrac (tick)) (jogo bot1) 2)} }[] 
 []


Overfull \hbox (30.59837pt too wide) in paragraph at lines 1306--1306
[]                \OT1/cmtt/m/n/7 bot3 = bot2 {actions = (actions bot2){a2 = (b
ot (realToFrac (tick)) (jogo bot2) 1)} }[] 
 []

[32]
Overfull \hbox (6.74693pt too wide) in paragraph at lines 1352--1352
[]                \OT1/cmtt/m/n/10 actSemMovimenta = reageTempoAtualiza tick bo
tAplied[] 
 []


Overfull \hbox (43.49661pt too wide) in paragraph at lines 1352--1352
[]                \OT1/cmtt/m/n/10 actualizado     = reageTempoMovimenta tick a
ctSemMovimenta[] 
 []


Overfull \hbox (90.7462pt too wide) in paragraph at lines 1352--1352
[]                \OT1/cmtt/m/n/10 addTime         = rNit {tFromStart = tFromSt
art actualizado + tick}[] 
 []

[33]
Overfull \hbox (49.19235pt too wide) in paragraph at lines 1387--1387
[]\OT1/cmtt/m/n/7 reageEvento (EventKey (SpecialKey KeyTab)    Down _ _) e = e 
{inMenu = True, whereMenu = MenuInicialStart}[] 
 []

<Imagens/teclado.png, id=141, 1187.1552pt x 786.2976pt>
File: Imagens/teclado.png Graphic file (type png)

<use Imagens/teclado.png>
Package pdftex.def Info: Imagens/teclado.png used on input line 1403.
(pdftex.def)             Requested size: 178.0656pt x 117.93954pt.
 [34 <./Imagens/teclado.png>]
Overfull \hbox (5.04175pt too wide) in paragraph at lines 1452--1453
[]\OT1/cmr/m/n/10 O par^ametro \OT1/cmr/m/it/10 id-Path \OT1/cmr/m/n/10 de-volv
e a uma lista de \OT1/cmr/m/it/10 Po-si-cao \OT1/cmr/m/n/10 cor-res-pon-dente ^
^Ras posi^^Xc~oes
 []

[35] [36] [37] [38] [39] [40]
Overfull \hbox (52.91115pt too wide) in paragraph at lines 1675--1675
[]\OT1/cmtt/m/n/7 bot tick e j = Acao { acelerar = acel, travar = trav, esquerd
a = esq, direita = dir, nitro = nitDecide e j}[] 
 []

[41] <Imagens/haddock.png, id=168, 1371.1225pt x 770.88pt>
File: Imagens/haddock.png Graphic file (type png)

<use Imagens/haddock.png>
Package pdftex.def Info: Imagens/haddock.png used on input line 1693.
(pdftex.def)             Requested size: 274.21964pt x 154.17326pt.
 [42 <./Imagens/haddock.png>]
Cap\'{\i }tulo 4.
<Imagens/mapaDoX.png, id=173, 301.125pt x 302.63063pt>
File: Imagens/mapaDoX.png Graphic file (type png)

<use Imagens/mapaDoX.png>
Package pdftex.def Info: Imagens/mapaDoX.png used on input line 1710.
(pdftex.def)             Requested size: 120.44786pt x 121.0501pt.

<Imagens/mapaDaCruz.png, id=174, 302.63063pt x 300.3722pt>
File: Imagens/mapaDaCruz.png Graphic file (type png)

<use Imagens/mapaDaCruz.png>
Package pdftex.def Info: Imagens/mapaDaCruz.png used on input line 1711.
(pdftex.def)             Requested size: 121.0501pt x 120.14674pt.
 [43

 <./Imagens/mapaDoX.png> <./Imagens/mapaDaCruz.png>] [44]
Cap\'{\i }tulo 5.
[45

]
No file relatorio.bbl.
[46]
Cap\'{\i }tulo 6.
[47

] (./relatorio.aux) ) 
Here is how much of TeX's memory you used:
 2636 strings out of 494929
 34811 string characters out of 6180141
 103125 words of memory out of 5000000
 5864 multiletter control sequences out of 15000+600000
 10148 words of font info for 36 fonts, out of 8000000 for 9000
 16 hyphenation exceptions out of 8191
 38i,15n,43p,871b,297s stack positions out of 5000i,500n,10000p,200000b,80000s
</usr/share/texlive/texmf-dist/fonts/type1/public/amsfonts
/cm/cmbx10.pfb></usr/share/texlive/texmf-dist/fonts/type1/public/amsfonts/cm/cm
bx12.pfb></usr/share/texlive/texmf-dist/fonts/type1/public/amsfonts/cm/cmbxti10
.pfb></usr/share/texlive/texmf-dist/fonts/type1/public/amsfonts/cm/cmr10.pfb></
usr/share/texlive/texmf-dist/fonts/type1/public/amsfonts/cm/cmr12.pfb></usr/sha
re/texlive/texmf-dist/fonts/type1/public/amsfonts/cm/cmr17.pfb></usr/share/texl
ive/texmf-dist/fonts/type1/public/amsfonts/cm/cmr7.pfb></usr/share/texlive/texm
f-dist/fonts/type1/public/amsfonts/cm/cmsy10.pfb></usr/share/texlive/texmf-dist
/fonts/type1/public/amsfonts/cm/cmti10.pfb></usr/share/texlive/texmf-dist/fonts
/type1/public/amsfonts/cm/cmtt10.pfb></usr/share/texlive/texmf-dist/fonts/type1
/public/amsfonts/cm/cmtt8.pfb>
Output written on relatorio.pdf (48 pages, 16578817 bytes).
PDF statistics:
 231 PDF objects out of 1000 (max. 8388607)
 142 compressed objects within 2 object streams
 0 named destinations out of 1000 (max. 500000)
 71 words of extra memory for PDF output out of 10000 (max. 10000000)

